Determining if the pthread_create exist failed with the following output:
Change Dir: /home/chaoz/SAEAuto_ROS/src/pathfinder/cmake-build-debug/CMakeFiles/CMakeTmp

Run Build Command:"/usr/bin/make" "cmTC_c2454/fast"
/usr/bin/make -f CMakeFiles/cmTC_c2454.dir/build.make CMakeFiles/cmTC_c2454.dir/build
make[1]: Entering directory '/home/chaoz/SAEAuto_ROS/src/pathfinder/cmake-build-debug/CMakeFiles/CMakeTmp'
Building C object CMakeFiles/cmTC_c2454.dir/CheckSymbolExists.c.o
/usr/bin/cc    -o CMakeFiles/cmTC_c2454.dir/CheckSymbolExists.c.o   -c /home/chaoz/SAEAuto_ROS/src/pathfinder/cmake-build-debug/CMakeFiles/CMakeTmp/CheckSymbolExists.c
Linking C executable cmTC_c2454
/home/chaoz/clion-2018.1.5/bin/cmake/bin/cmake -E cmake_link_script CMakeFiles/cmTC_c2454.dir/link.txt --verbose=1
/usr/bin/cc      -rdynamic CMakeFiles/cmTC_c2454.dir/CheckSymbolExists.c.o  -o cmTC_c2454 
CMakeFiles/cmTC_c2454.dir/CheckSymbolExists.c.o: In function `main':
CheckSymbolExists.c:(.text+0x16): undefined reference to `pthread_create'
collect2: error: ld returned 1 exit status
CMakeFiles/cmTC_c2454.dir/build.make:97: recipe for target 'cmTC_c2454' failed
make[1]: *** [cmTC_c2454] Error 1
make[1]: Leaving directory '/home/chaoz/SAEAuto_ROS/src/pathfinder/cmake-build-debug/CMakeFiles/CMakeTmp'
Makefile:126: recipe for target 'cmTC_c2454/fast' failed
make: *** [cmTC_c2454/fast] Error 2

File /home/chaoz/SAEAuto_ROS/src/pathfinder/cmake-build-debug/CMakeFiles/CMakeTmp/CheckSymbolExists.c:
/* */
#include <pthread.h>

int main(int argc, char** argv)
{
  (void)argv;
#ifndef pthread_create
  return ((int*)(&pthread_create))[argc];
#else
  (void)argc;
  return 0;
#endif
}

Determining if the function pthread_create exists in the pthreads failed with the following output:
Change Dir: /home/chaoz/SAEAuto_ROS/src/pathfinder/cmake-build-debug/CMakeFiles/CMakeTmp

Run Build Command:"/usr/bin/make" "cmTC_fe4ab/fast"
/usr/bin/make -f CMakeFiles/cmTC_fe4ab.dir/build.make CMakeFiles/cmTC_fe4ab.dir/build
make[1]: Entering directory '/home/chaoz/SAEAuto_ROS/src/pathfinder/cmake-build-debug/CMakeFiles/CMakeTmp'
Building C object CMakeFiles/cmTC_fe4ab.dir/CheckFunctionExists.c.o
/usr/bin/cc   -DCHECK_FUNCTION_EXISTS=pthread_create   -o CMakeFiles/cmTC_fe4ab.dir/CheckFunctionExists.c.o   -c /home/chaoz/clion-2018.1.5/bin/cmake/share/cmake-3.10/Modules/CheckFunctionExists.c
Linking C executable cmTC_fe4ab
/home/chaoz/clion-2018.1.5/bin/cmake/bin/cmake -E cmake_link_script CMakeFiles/cmTC_fe4ab.dir/link.txt --verbose=1
/usr/bin/cc  -DCHECK_FUNCTION_EXISTS=pthread_create    -rdynamic CMakeFiles/cmTC_fe4ab.dir/CheckFunctionExists.c.o  -o cmTC_fe4ab -lpthreads 
/usr/bin/ld: cannot find -lpthreads
collect2: error: ld returned 1 exit status
CMakeFiles/cmTC_fe4ab.dir/build.make:97: recipe for target 'cmTC_fe4ab' failed
make[1]: *** [cmTC_fe4ab] Error 1
make[1]: Leaving directory '/home/chaoz/SAEAuto_ROS/src/pathfinder/cmake-build-debug/CMakeFiles/CMakeTmp'
Makefile:126: recipe for target 'cmTC_fe4ab/fast' failed
make: *** [cmTC_fe4ab/fast] Error 2


